# Número de partículas:      500
# Temperatura de referencia: 2.00
# Pasos de equilibración:    500
# Pasos de medición:         1500
# (mediciones cada 10 pasos)
# densidad, volumen, energía potencial media, presión media
1.200000	416.666667	-2747.765212	28.830256
1.100000	454.545455	-2971.055005	17.678071
1.000000	500.000000	-2528.666582	15.172800
0.900000	555.555556	-2514.614602	9.139429
0.800000	625.000000	-2374.586523	5.336802
0.700000	714.285714	-2149.329857	3.049467
0.600000	833.333333	-1871.101775	1.822716
0.500000	1000.000000	-1572.711963	1.062824
0.400000	1250.000000	-1275.944435	0.708942
# Tiempo total de simulación = 22.522560 segundos
# Tiempo simulado = 108.000000 [fs]
# ns/day = 0.414305
# cells/s = 22.199963


 Performance counter stats for './tiny_md':

         22,522.99 msec task-clock                       #    1.000 CPUs utilized             
                36      context-switches                 #    1.598 /sec                      
                 0      cpu-migrations                   #    0.000 /sec                      
                90      page-faults                      #    3.996 /sec                      
    78,525,685,227      cycles                           #    3.486 GHz                       
     5,232,591,398      stalled-cycles-frontend          #    6.66% frontend cycles idle      
    61,458,373,211      instructions                     #    0.78  insn per cycle            
                                                  #    0.09  stalled cycles per insn   
    18,071,948,976      branches                         #  802.378 M/sec                     
     1,435,128,819      branch-misses                    #    7.94% of all branches           

      22.525623912 seconds time elapsed

      22.463767000 seconds user
       0.059988000 seconds sys


