# Número de partículas:      500
# Temperatura de referencia: 2.00
# Pasos de equilibración:    500
# Pasos de medición:         1500
# (mediciones cada 10 pasos)
# densidad, volumen, energía potencial media, presión media
1.200000	416.666667	-2751.753687	28.784925
1.100000	454.545455	-2965.395344	17.744364
1.000000	500.000000	-2523.411469	15.232882
0.900000	555.555556	-2514.313325	9.154226
0.800000	625.000000	-2378.105292	5.308048
0.700000	714.285714	-2149.437807	3.026009
0.600000	833.333333	-1876.432761	1.767823
0.500000	1000.000000	-1574.670815	1.097806
0.400000	1250.000000	-1264.819182	0.718563
# Tiempo total de simulación = 15.216028 segundos
# Tiempo simulado = 108.000000 [fs]
# ns/day = 0.613248
# cells/s = 32.860087


 Performance counter stats for './tiny_md':

         15,213.56 msec task-clock                       #    1.000 CPUs utilized             
                76      context-switches                 #    4.996 /sec                      
                 3      cpu-migrations                   #    0.197 /sec                      
                92      page-faults                      #    6.047 /sec                      
    51,859,047,772      cycles                           #    3.409 GHz                       
     2,538,064,937      stalled-cycles-frontend          #    4.89% frontend cycles idle      
    71,762,139,838      instructions                     #    1.38  insn per cycle            
                                                  #    0.04  stalled cycles per insn   
    12,740,404,253      branches                         #  837.438 M/sec                     
       716,354,758      branch-misses                    #    5.62% of all branches           

      15.218661871 seconds time elapsed

      15.154319000 seconds user
       0.059977000 seconds sys


