# Número de partículas:      500
# Temperatura de referencia: 2.00
# Pasos de equilibración:    500
# Pasos de medición:         1500
# (mediciones cada 10 pasos)
# densidad, volumen, energía potencial media, presión media
1.200000	416.666656	-2748.596250	28.822458
1.100000	454.545441	-2973.095625	17.656051
1.000000	500.000000	-2511.169583	15.358398
0.900000	555.555542	-2521.692708	9.071986
0.800000	625.000000	-2375.537917	5.327960
0.700000	714.285706	-2152.806458	3.020453
0.600000	833.333313	-1874.447083	1.770824
0.500000	1000.000000	-1571.072396	1.064589
0.400000	1250.000000	-1262.865417	0.689527
# Tiempo total de simulación = 8.734380 segundos
# Tiempo simulado = 108.004065 [fs]
# ns/day = 1.068370
# cells/s = 57.245045


 Performance counter stats for './tiny_md':

          8,733.57 msec task-clock                       #    1.000 CPUs utilized             
                69      context-switches                 #    7.901 /sec                      
                 0      cpu-migrations                   #    0.000 /sec                      
                78      page-faults                      #    8.931 /sec                      
    31,561,198,988      cycles                           #    3.614 GHz                       
       772,160,894      stalled-cycles-frontend          #    2.45% frontend cycles idle      
    64,144,727,508      instructions                     #    2.03  insn per cycle            
                                                  #    0.01  stalled cycles per insn   
     5,283,436,621      branches                         #  604.958 M/sec                     
       196,993,849      branch-misses                    #    3.73% of all branches           

       8.736242836 seconds time elapsed

       8.686125000 seconds user
       0.047989000 seconds sys


