# Número de partículas:      2916
# Temperatura de referencia: 2.00
# Pasos de equilibración:    500
# Pasos de medición:         1500
# (mediciones cada 10 pasos)
# densidad, volumen, energía potencial media, presión media
1.200000	2430.000000	-16027.615650	28.827816
1.100000	2650.909091	-17311.345813	17.712080
1.000000	2916.000000	-14708.824106	15.243671
0.900000	3240.000000	-14686.574188	9.109463
0.800000	3645.000000	-13887.032499	5.276380
0.700000	4165.714286	-12559.960098	3.026315
0.600000	4860.000000	-10941.354324	1.751673
0.500000	5832.000000	-9190.316598	1.075746
0.400000	7290.000000	-7401.588162	0.699308
# Tiempo total de simulación = 2077.651246 segundos
# Tiempo simulado = 108.000000 [fs]
# ns/day = 0.004491
# cells/s = 1.403508


 Performance counter stats for './tiny_md':

      2,076,921.89 msec task-clock                       #    1.000 CPUs utilized             
            12,573      context-switches                 #    6.054 /sec                      
                39      cpu-migrations                   #    0.019 /sec                      
               150      page-faults                      #    0.072 /sec                      
 6,210,799,163,662      cycles                           #    2.990 GHz                       
   161,753,322,920      stalled-cycles-frontend          #    2.60% frontend cycles idle      
 9,712,184,870,575      instructions                     #    1.56  insn per cycle            
                                                  #    0.02  stalled cycles per insn   
 1,093,532,672,815      branches                         #  526.516 M/sec                     
    41,749,310,151      branch-misses                    #    3.82% of all branches           

    2077.748105812 seconds time elapsed

    2076.393466000 seconds user
       0.471898000 seconds sys


