# Número de partículas:      500
# Temperatura de referencia: 2.00
# Pasos de equilibración:    500
# Pasos de medición:         1500
# (mediciones cada 10 pasos)
# densidad, volumen, energía potencial media, presión media
1.200000	416.666667	-2747.120546	28.838682
1.100000	454.545455	-2970.683454	17.686994
1.000000	500.000000	-2523.302274	15.238622
0.900000	555.555556	-2512.383517	9.162243
0.800000	625.000000	-2379.981522	5.269803
0.700000	714.285714	-2149.217006	3.040621
0.600000	833.333333	-1878.481402	1.740484
0.500000	1000.000000	-1580.007770	1.058479
0.400000	1250.000000	-1275.223445	0.724273
# Tiempo total de simulación = 65.534012 segundos
# Tiempo simulado = 108.000000 [fs]
# ns/day = 0.142387
# cells/s = 7.629626


 Performance counter stats for './tiny_md':

         65,532.95 msec task-clock                       #    1.000 CPUs utilized             
               149      context-switches                 #    2.274 /sec                      
                 0      cpu-migrations                   #    0.000 /sec                      
                92      page-faults                      #    1.404 /sec                      
   225,965,057,261      cycles                           #    3.448 GHz                       
     6,544,465,268      stalled-cycles-frontend          #    2.90% frontend cycles idle      
   317,555,717,829      instructions                     #    1.41  insn per cycle            
                                                  #    0.02  stalled cycles per insn   
    32,775,342,039      branches                         #  500.135 M/sec                     
     1,582,760,146      branch-misses                    #    4.83% of all branches           

      65.539043595 seconds time elapsed

      65.485167000 seconds user
       0.047997000 seconds sys


