# Número de partículas:      864
# Temperatura de referencia: 2.00
# Pasos de equilibración:    500
# Pasos de medición:         1500
# (mediciones cada 10 pasos)
# densidad, volumen, energía potencial media, presión media
1.200000	720.000000	-4747.322246	28.836638
1.100000	785.454545	-5123.406050	17.751138
1.000000	864.000000	-4370.211781	15.174464
0.900000	960.000000	-4347.537885	9.123308
0.800000	1080.000000	-4112.514540	5.283354
0.700000	1234.285714	-3724.715987	3.011370
0.600000	1440.000000	-3237.516946	1.747498
0.500000	1728.000000	-2715.921013	1.072169
0.400000	2160.000000	-2191.690435	0.698801
# Tiempo total de simulación = 61.928364 segundos
# Tiempo simulado = 108.000000 [fs]
# ns/day = 0.150677

 Performance counter stats for './tiny_md':

         61,913.90 msec task-clock                       #    1.000 CPUs utilized             
               709      context-switches                 #   11.451 /sec                      
                 1      cpu-migrations                   #    0.016 /sec                      
                94      page-faults                      #    1.518 /sec                      
   223,496,753,223      cycles                           #    3.610 GHz                       
    13,148,920,232      stalled-cycles-frontend          #    5.88% frontend cycles idle      
   243,992,952,704      instructions                     #    1.09  insn per cycle            
                                                  #    0.05  stalled cycles per insn   
    54,151,315,980      branches                         #  874.623 M/sec                     
     4,073,516,133      branch-misses                    #    7.52% of all branches           

      61.933154632 seconds time elapsed

      61.804222000 seconds user
       0.107965000 seconds sys


