# Número de partículas:      2916
# Temperatura de referencia: 2.00
# Pasos de equilibración:    500
# Pasos de medición:         1500
# (mediciones cada 10 pasos)
# densidad, volumen, energía potencial media, presión media
1.200000	2430.000000	-16024.876667	28.832168
1.100000	2650.908936	-17296.660000	17.739492
1.000000	2916.000000	-14734.240000	15.196496
0.900000	3240.000000	-14674.866667	9.132452
0.800000	3645.000000	-13888.211667	5.264768
0.700000	4165.714355	-12546.402500	3.047589
0.600000	4860.000000	-10946.812500	1.758406
0.500000	5832.000000	-9181.225833	1.076115
0.400000	7290.000000	-7396.735833	0.704000
# Tiempo total de simulación = 15.298125 segundos
# Tiempo simulado = 108.004065 [fs]
# ns/day = 0.609980
# cells/s = 190.611598


 Performance counter stats for './tiny_md':

        488,453.51 msec task-clock                       #   31.919 CPUs utilized             
            14,997      context-switches                 #   30.703 /sec                      
               103      cpu-migrations                   #    0.211 /sec                      
               779      page-faults                      #    1.595 /sec                      
 1,639,584,185,251      cycles                           #    3.357 GHz                       
    21,920,289,734      stalled-cycles-frontend          #    1.34% frontend cycles idle      
 2,782,723,613,631      instructions                     #    1.70  insn per cycle            
                                                  #    0.01  stalled cycles per insn   
   366,811,016,887      branches                         #  750.964 M/sec                     
     2,680,268,147      branch-misses                    #    0.73% of all branches           

      15.302839836 seconds time elapsed

     472.358220000 seconds user
      16.090031000 seconds sys


