# Número de partículas:      2048
# Temperatura de referencia: 2.00
# Pasos de equilibración:    500
# Pasos de medición:         1500
# (mediciones cada 10 pasos)
# densidad, volumen, energía potencial media, presión media
1.200000	1706.666626	-11246.835000	28.851426
1.100000	1861.818115	-12157.616667	17.715090
1.000000	2048.000000	-10361.621667	15.166439
0.900000	2275.555664	-10299.492500	9.134272
0.800000	2560.000000	-9737.729167	5.309812
0.700000	2925.714355	-8817.305000	3.034682
0.600000	3413.333252	-7684.697500	1.749035
0.500000	4096.000000	-6455.170417	1.073912
0.400000	5120.000000	-5199.430417	0.709002
# Tiempo total de simulación = 10.756355 segundos
# Tiempo simulado = 108.004065 [fs]
# ns/day = 0.867538
# cells/s = 190.399063


 Performance counter stats for './tiny_md':

        257,244.78 msec task-clock                       #   23.905 CPUs utilized             
            13,028      context-switches                 #   50.644 /sec                      
                79      cpu-migrations                   #    0.307 /sec                      
               574      page-faults                      #    2.231 /sec                      
   872,384,964,724      cycles                           #    3.391 GHz                       
    12,603,510,704      stalled-cycles-frontend          #    1.44% frontend cycles idle      
 1,422,458,781,407      instructions                     #    1.63  insn per cycle            
                                                  #    0.01  stalled cycles per insn   
   191,328,501,038      branches                         #  743.760 M/sec                     
     1,671,099,008      branch-misses                    #    0.87% of all branches           

      10.760911611 seconds time elapsed

     248.755424000 seconds user
       8.487570000 seconds sys


