# Número de partículas:      500
# Temperatura de referencia: 2.00
# Pasos de equilibración:    500
# Pasos de medición:         1500
# (mediciones cada 10 pasos)
# densidad, volumen, energía potencial media, presión media
1.200000	416.666656	-2746.532917	28.842923
1.100000	454.545441	-2971.197083	17.684603
1.000000	500.000000	-2545.688333	14.984001
0.900000	555.555542	-2519.497083	9.096853
0.800000	625.000000	-2378.886250	5.295389
0.700000	714.285706	-2154.690833	2.997138
0.600000	833.333313	-1881.298958	1.721392
0.500000	1000.000000	-1576.353333	1.047111
0.400000	1250.000000	-1266.859167	0.682451
# Tiempo total de simulación = 1.377055 segundos
# Tiempo simulado = 108.004065 [fs]
# ns/day = 6.776455
# cells/s = 363.093731


 Performance counter stats for './tiny_md':

         32,545.17 msec task-clock                       #   23.568 CPUs utilized             
            13,285      context-switches                 #  408.202 /sec                      
                72      cpu-migrations                   #    2.212 /sec                      
               440      page-faults                      #   13.520 /sec                      
   110,985,482,469      cycles                           #    3.410 GHz                       
     1,972,366,368      stalled-cycles-frontend          #    1.78% frontend cycles idle      
   130,950,816,758      instructions                     #    1.18  insn per cycle            
                                                  #    0.02  stalled cycles per insn   
    22,238,668,686      branches                         #  683.317 M/sec                     
       161,032,619      branch-misses                    #    0.72% of all branches           

       1.380885433 seconds time elapsed

      31.713597000 seconds user
       0.831936000 seconds sys


