# Número de partículas:      256
# Temperatura de referencia: 2.00
# Pasos de equilibración:    500
# Pasos de medición:         1500
# (mediciones cada 10 pasos)
# densidad, volumen, energía potencial media, presión media
1.200000	213.333328	-1405.379271	28.867617
1.100000	232.727264	-1518.702813	17.727028
1.000000	256.000000	-1290.232083	15.257002
0.900000	284.444458	-1287.264688	9.127406
0.800000	320.000000	-1212.600312	5.364135
0.700000	365.714294	-1098.720729	3.063055
0.600000	426.666656	-960.705938	1.733761
0.500000	512.000000	-807.239271	1.065042
0.400000	640.000000	-649.112396	0.703845
# Tiempo total de simulación = 0.917328 segundos
# Tiempo simulado = 108.004065 [fs]
# ns/day = 10.172538
# cells/s = 279.071478


 Performance counter stats for './tiny_md':

          7,260.48 msec task-clock                       #    7.886 CPUs utilized             
                78      context-switches                 #   10.743 /sec                      
                51      cpu-migrations                   #    7.024 /sec                      
               295      page-faults                      #   40.631 /sec                      
    25,012,253,249      cycles                           #    3.445 GHz                       
       375,268,306      stalled-cycles-frontend          #    1.50% frontend cycles idle      
    33,589,206,626      instructions                     #    1.34  insn per cycle            
                                                  #    0.01  stalled cycles per insn   
     4,719,593,114      branches                         #  650.039 M/sec                     
        31,876,848      branch-misses                    #    0.68% of all branches           

       0.920689873 seconds time elapsed

       7.082102000 seconds user
       0.179951000 seconds sys


