# Número de partículas:      2916
# Temperatura de referencia: 2.00
# Pasos de equilibración:    500
# Pasos de medición:         1500
# (mediciones cada 10 pasos)
# densidad, volumen, energía potencial media, presión media
1.200000	2430.000000	-16030.910000	28.817640
1.100000	2650.908936	-17298.628333	17.732627
1.000000	2916.000000	-14696.396667	15.264168
0.900000	3240.000000	-14686.941667	9.101558
0.800000	3645.000000	-13872.718333	5.293858
0.700000	4165.714355	-12551.756667	3.038969
0.600000	4860.000000	-10938.839167	1.749556
0.500000	5832.000000	-9192.080833	1.077339
0.400000	7290.000000	-7387.463333	0.703679
# Tiempo total de simulación = 48.054902 segundos
# Tiempo simulado = 108.004065 [fs]
# ns/day = 0.194185
# cells/s = 60.680595


 Performance counter stats for './tiny_md':

        384,403.59 msec task-clock                       #    7.998 CPUs utilized             
               960      context-switches                 #    2.497 /sec                      
                51      cpu-migrations                   #    0.133 /sec                      
               373      page-faults                      #    0.970 /sec                      
 1,333,064,376,668      cycles                           #    3.468 GHz                       
    17,346,043,958      stalled-cycles-frontend          #    1.30% frontend cycles idle      
 2,577,418,466,172      instructions                     #    1.93  insn per cycle            
                                                  #    0.01  stalled cycles per insn   
   306,440,805,299      branches                         #  797.185 M/sec                     
     2,389,344,535      branch-misses                    #    0.78% of all branches           

      48.060402342 seconds time elapsed

     372.798349000 seconds user
      11.603201000 seconds sys


