# Número de partículas:      2048
# Temperatura de referencia: 2.00
# Pasos de equilibración:    500
# Pasos de medición:         1500
# (mediciones cada 10 pasos)
# densidad, volumen, energía potencial media, presión media
1.200000	1706.666626	-11248.840000	28.848910
1.100000	1861.818115	-12162.207500	17.700693
1.000000	2048.000000	-10311.443333	15.289816
0.900000	2275.555664	-10306.053333	9.121764
0.800000	2560.000000	-9738.822500	5.305985
0.700000	2925.714355	-8813.011667	3.043293
0.600000	3413.333252	-7688.578333	1.752018
0.500000	4096.000000	-6458.041250	1.061790
0.400000	5120.000000	-5212.256250	0.703308
# Tiempo total de simulación = 7.931296 segundos
# Tiempo simulado = 108.004065 [fs]
# ns/day = 1.176548
# cells/s = 258.217559


 Performance counter stats for './tiny_md':

        316,172.03 msec task-clock                       #   39.839 CPUs utilized             
            16,979      context-switches                 #   53.702 /sec                      
               105      cpu-migrations                   #    0.332 /sec                      
               814      page-faults                      #    2.575 /sec                      
 1,053,801,442,409      cycles                           #    3.333 GHz                       
    15,476,315,610      stalled-cycles-frontend          #    1.47% frontend cycles idle      
 1,541,455,528,939      instructions                     #    1.46  insn per cycle            
                                                  #    0.01  stalled cycles per insn   
   226,365,906,703      branches                         #  715.958 M/sec                     
     1,890,867,722      branch-misses                    #    0.84% of all branches           

       7.936180953 seconds time elapsed

     305.762019000 seconds user
      10.388009000 seconds sys


