# Número de partículas:      500
# Temperatura de referencia: 2.00
# Pasos de equilibración:    500
# Pasos de medición:         1500
# (mediciones cada 10 pasos)
# densidad, volumen, energía potencial media, presión media
1.200000	416.666656	-2748.251250	28.823431
1.100000	454.545441	-2967.481250	17.715519
1.000000	500.000000	-2524.537917	15.209486
0.900000	555.555542	-2512.152083	9.156453
0.800000	625.000000	-2376.060625	5.319448
0.700000	714.285706	-2148.773958	3.056539
0.600000	833.333313	-1873.676458	1.757383
0.500000	1000.000000	-1571.200521	1.048146
0.400000	1250.000000	-1270.294375	0.692094
# Tiempo total de simulación = 1.329801 segundos
# Tiempo simulado = 108.004065 [fs]
# ns/day = 7.017253
# cells/s = 375.996081


 Performance counter stats for './tiny_md':

         51,408.60 msec task-clock                       #   38.538 CPUs utilized             
            39,748      context-switches                 #  773.178 /sec                      
                98      cpu-migrations                   #    1.906 /sec                      
               597      page-faults                      #   11.613 /sec                      
   172,761,926,129      cycles                           #    3.361 GHz                       
     2,965,022,974      stalled-cycles-frontend          #    1.72% frontend cycles idle      
   175,103,586,498      instructions                     #    1.01  insn per cycle            
                                                  #    0.02  stalled cycles per insn   
    35,210,195,330      branches                         #  684.909 M/sec                     
       232,501,220      branch-misses                    #    0.66% of all branches           

       1.333968098 seconds time elapsed

      49.467710000 seconds user
       1.930583000 seconds sys


