# Número de partículas:      500
# Temperatura de referencia: 2.00
# Pasos de equilibración:    500
# Pasos de medición:         1500
# (mediciones cada 10 pasos)
# densidad, volumen, energía potencial media, presión media
1.200000	416.666667	-2749.381134	28.810583
1.100000	454.545455	-2969.577986	17.701886
1.000000	500.000000	-2528.671709	15.191496
0.900000	555.555556	-2522.022983	9.064652
0.800000	625.000000	-2373.764680	5.329473
0.700000	714.285714	-2149.648649	3.064004
0.600000	833.333333	-1874.963819	1.769921
0.500000	1000.000000	-1571.635247	1.077063
0.400000	1250.000000	-1266.453312	0.694578
# Tiempo total de simulación = 22.350954 segundos
# Tiempo simulado = 108.000000 [fs]
# ns/day = 0.417486

 Performance counter stats for './tiny_md':

         22,346.65 msec task-clock                       #    1.000 CPUs utilized             
               250      context-switches                 #   11.187 /sec                      
                 0      cpu-migrations                   #    0.000 /sec                      
                86      page-faults                      #    3.848 /sec                      
    80,889,295,780      cycles                           #    3.620 GHz                       
     4,811,365,209      stalled-cycles-frontend          #    5.95% frontend cycles idle      
    86,671,787,031      instructions                     #    1.07  insn per cycle            
                                                  #    0.06  stalled cycles per insn   
    18,397,584,026      branches                         #  823.282 M/sec                     
     1,465,880,192      branch-misses                    #    7.97% of all branches           

      22.353658565 seconds time elapsed

      22.286457000 seconds user
       0.059985000 seconds sys


