# Número de partículas:      864
# Temperatura de referencia: 2.00
# Pasos de equilibración:    500
# Pasos de medición:         1500
# (mediciones cada 10 pasos)
# densidad, volumen, energía potencial media, presión media
1.200000	720.000000	-4745.727500	28.842826
1.100000	785.454529	-5123.105417	17.743053
1.000000	864.000000	-4362.356250	15.214535
0.900000	960.000000	-4351.720833	9.102948
0.800000	1080.000000	-4111.404167	5.278160
0.700000	1234.285767	-3717.922083	3.033597
0.600000	1440.000000	-3236.138542	1.749704
0.500000	1728.000000	-2731.454167	1.044275
0.400000	2160.000000	-2194.960208	0.688673
# Tiempo total de simulación = 22.662731 segundos
# Tiempo simulado = 108.004065 [fs]
# ns/day = 0.411758
# cells/s = 38.124267


 Performance counter stats for './tiny_md':

         22,663.20 msec task-clock                       #    1.000 CPUs utilized             
                77      context-switches                 #    3.398 /sec                      
                48      cpu-migrations                   #    2.118 /sec                      
               233      page-faults                      #   10.281 /sec                      
    80,851,226,802      cycles                           #    3.568 GHz                       
     1,262,014,451      stalled-cycles-frontend          #    1.56% frontend cycles idle      
   200,212,371,978      instructions                     #    2.48  insn per cycle            
                                                  #    0.01  stalled cycles per insn   
    14,863,701,063      branches                         #  655.852 M/sec                     
       321,707,416      branch-misses                    #    2.16% of all branches           

      22.667223797 seconds time elapsed

      22.580813000 seconds user
       0.083988000 seconds sys


